c:\users\user\source\repos\mission2\mission2\x64\release\vc143.pdb
c:\users\user\source\repos\mission2\mission2\x64\release\engine.obj
c:\users\user\source\repos\mission2\mission2\x64\release\car.obj
c:\users\user\source\repos\mission2\mission2\x64\release\brake.obj
c:\users\user\source\repos\mission2\mission2\x64\release\steering.obj
c:\users\user\source\repos\mission2\mission2\x64\release\test.obj
c:\users\user\source\repos\mission2\mission2\x64\release\question.obj
c:\users\user\source\repos\mission2\mission2\x64\release\gmock-all.obj
c:\users\user\source\repos\mission2\mission2\x64\release\gtest-all.obj
c:\users\user\source\repos\mission2\mission2\x64\release\main.obj
c:\users\user\source\repos\mission2\mission2\x64\release\mission2.ipdb
c:\users\user\source\repos\mission2\mission2\x64\release\mission2.iobj
c:\users\user\source\repos\mission2\mission2\x64\release\temp.obj
c:\users\user\source\repos\mission2\x64\release\mission2.pdb
c:\users\user\source\repos\mission2\mission2\x64\release\mission2.tlog\cl.command.1.tlog
c:\users\user\source\repos\mission2\mission2\x64\release\mission2.tlog\cl.items.tlog
c:\users\user\source\repos\mission2\mission2\x64\release\mission2.tlog\cl.read.1.tlog
c:\users\user\source\repos\mission2\mission2\x64\release\mission2.tlog\cl.write.1.tlog
c:\users\user\source\repos\mission2\mission2\x64\release\mission2.tlog\link.command.1.tlog
c:\users\user\source\repos\mission2\mission2\x64\release\mission2.tlog\link.read.1.tlog
c:\users\user\source\repos\mission2\mission2\x64\release\mission2.tlog\link.secondary.1.tlog
c:\users\user\source\repos\mission2\mission2\x64\release\mission2.tlog\link.write.1.tlog
